<?xml version="1.0" encoding="UTF-8"?>
<!-- Generated by org.testng.reporters.JUnitReportReporter -->
<testsuite skipped="0" hostname="DESKTOP-CUIURQ6" name="com.test.Mavenproj1.DemoforIE" tests="1" failures="0" timestamp="09 Jun 2018 06:48:48 GMT" time="141.689" errors="0">
  <testcase name="f" time="141.689" classname="com.test.Mavenproj1.DemoforIE"/>
</testsuite> <!-- com.test.Mavenproj1.DemoforIE -->
